<?xml version="1.0" encoding="utf-8"?>
<coverage line-rate="0.5753" branch-rate="0.5042" version="1.9" timestamp="1780067747" lines-covered="1439" lines-valid="2501" branches-covered="356" branches-valid="706">
  <sources>
    <source>C:\Users\tiaandra\source\repos\alimentestaideia.pt\</source>
  </sources>
  <packages>
    <package name="BancoAlimentar.AlimentaEstaIdeia.Common" line-rate="0.4255" branch-rate="0" complexity="22">
      <classes>
        <class name="BancoAlimentar.AlimentaEstaIdeia.Common.DistributedCacheExtensions" filename="BancoAlimentar.AlimentaEstaIdeia.Common\DistributedCacheExtensions.cs" line-rate="0" branch-rate="0" complexity="3">
          <methods>
            <method name="AddEntry" signature="(Microsoft.Extensions.Caching.Distributed.IDistributedCache,System.String,TValue)" line-rate="0" branch-rate="1" complexity="1">
              <lines>
                <line number="33" hits="0" branch="False" />
                <line number="34" hits="0" branch="False" />
                <line number="35" hits="0" branch="False" />
              </lines>
            </method>
            <method name="GetEntry" signature="(Microsoft.Extensions.Caching.Distributed.IDistributedCache,System.String)" line-rate="0" branch-rate="0" complexity="2">
              <lines>
                <line number="46" hits="0" branch="False" />
                <line number="47" hits="0" branch="True" condition-coverage="0% (0/2)">
                  <conditions>
                    <condition number="9" type="jump" coverage="0%" />
                  </conditions>
                </line>
                <line number="49" hits="0" branch="False" />
                <line number="52" hits="0" branch="False" />
              </lines>
            </method>
          </methods>
          <lines>
            <line number="33" hits="0" branch="False" />
            <line number="34" hits="0" branch="False" />
            <line number="35" hits="0" branch="False" />
            <line number="46" hits="0" branch="False" />
            <line number="47" hits="0" branch="True" condition-coverage="0% (0/2)">
              <conditions>
                <condition number="9" type="jump" coverage="0%" />
              </conditions>
            </line>
            <line number="49" hits="0" branch="False" />
            <line number="52" hits="0" branch="False" />
          </lines>
        </class>
        <class name="BancoAlimentar.AlimentaEstaIdeia.Common.ExtensionMethods" filename="BancoAlimentar.AlimentaEstaIdeia.Common\ExtensionMethods.cs" line-rate="0.5" branch-rate="1" complexity="2">
          <methods>
            <method name="GetEasyPayDateTimeString" signature="(System.DateTime)" line-rate="0" branch-rate="1" complexity="1">
              <lines>
                <line number="24" hits="0" branch="False" />
              </lines>
            </method>
            <method name="FromEasyPayDateTimeString" signature="(System.String)" line-rate="1" branch-rate="1" complexity="1">
              <lines>
                <line number="34" hits="52" branch="False" />
              </lines>
            </method>
          </methods>
          <lines>
            <line number="24" hits="0" branch="False" />
            <line number="34" hits="52" branch="False" />
          </lines>
        </class>
        <class name="BancoAlimentar.AlimentaEstaIdeia.Common.Services.AppVersionService" filename="BancoAlimentar.AlimentaEstaIdeia.Common\Services\AppVersionService.cs" line-rate="0" branch-rate="0" complexity="5">
          <methods>
            <method name="get_Version" signature="()" line-rate="0" branch-rate="0" complexity="4">
              <lines>
                <line number="31" hits="0" branch="False" />
                <line number="32" hits="0" branch="False" />
                <line number="33" hits="0" branch="True" condition-coverage="0% (0/2)">
                  <conditions>
                    <condition number="19" type="jump" coverage="0%" />
                  </conditions>
                </line>
                <line number="35" hits="0" branch="False" />
                <line number="36" hits="0" branch="True" condition-coverage="0% (0/2)">
                  <conditions>
                    <condition number="29" type="jump" coverage="0%" />
                  </conditions>
                </line>
                <line number="38" hits="0" branch="False" />
                <line number="39" hits="0" branch="False" />
                <line number="40" hits="0" branch="False" />
                <line number="41" hits="0" branch="False" />
                <line number="45" hits="0" branch="False" />
              </lines>
            </method>
            <method name=".ctor" signature="(Microsoft.AspNetCore.Hosting.IWebHostEnvironment)" line-rate="0" branch-rate="1" complexity="1">
              <lines>
                <line number="21" hits="0" branch="False" />
                <line number="23" hits="0" branch="False" />
                <line number="24" hits="0" branch="False" />
              </lines>
            </method>
          </methods>
          <lines>
            <line number="31" hits="0" branch="False" />
            <line number="32" hits="0" branch="False" />
            <line number="33" hits="0" branch="True" condition-coverage="0% (0/2)">
              <conditions>
                <condition number="19" type="jump" coverage="0%" />
              </conditions>
            </line>
            <line number="35" hits="0" branch="False" />
            <line number="36" hits="0" branch="True" condition-coverage="0% (0/2)">
              <conditions>
                <condition number="29" type="jump" coverage="0%" />
              </conditions>
            </line>
            <line number="38" hits="0" branch="False" />
            <line number="39" hits="0" branch="False" />
            <line number="40" hits="0" branch="False" />
            <line number="41" hits="0" branch="False" />
            <line number="45" hits="0" branch="False" />
            <line number="21" hits="0" branch="False" />
            <line number="23" hits="0" branch="False" />
            <line number="24" hits="0" branch="False" />
          </lines>
        </class>
        <class name="BancoAlimentar.AlimentaEstaIdeia.Common.Repository.Repository.GenericRepository`2" filename="BancoAlimentar.AlimentaEstaIdeia.Common\Repository\GenericRepository.cs" line-rate="0.76" branch-rate="1" complexity="12">
          <methods>
            <method name="get_TelemetryClient" signature="()" line-rate="1" branch-rate="1" complexity="1">
              <lines>
                <line number="48" hits="194" branch="False" />
              </lines>
            </method>
            <method name="get_MemoryCache" signature="()" line-rate="1" branch-rate="1" complexity="1">
              <lines>
                <line number="53" hits="56" branch="False" />
              </lines>
            </method>
            <method name="get_DbContext" signature="()" line-rate="1" branch-rate="1" complexity="1">
              <lines>
                <line number="62" hits="526" branch="False" />
              </lines>
            </method>
            <method name="Add" signature="(Type)" line-rate="1" branch-rate="1" complexity="1">
              <lines>
                <line number="69" hits="2" branch="False" />
                <line number="70" hits="2" branch="False" />
              </lines>
            </method>
            <method name="AddRange" signature="(System.Collections.Generic.IEnumerable`1&lt;Type&gt;)" line-rate="0" branch-rate="1" complexity="1">
              <lines>
                <line number="75" hits="0" branch="False" />
                <line number="76" hits="0" branch="False" />
              </lines>
            </method>
            <method name="Find" signature="(System.Linq.Expressions.Expression`1&lt;System.Func`2&lt;Type,System.Boolean&gt;&gt;)" line-rate="0" branch-rate="1" complexity="1">
              <lines>
                <line number="81" hits="0" branch="False" />
              </lines>
            </method>
            <method name="GetAll" signature="()" line-rate="1" branch-rate="1" complexity="1">
              <lines>
                <line number="87" hits="2" branch="False" />
              </lines>
            </method>
            <method name="GetById" signature="(System.Int32)" line-rate="1" branch-rate="1" complexity="1">
              <lines>
                <line number="93" hits="3" branch="False" />
              </lines>
            </method>
            <method name="Modify" signature="(Type)" line-rate="0" branch-rate="1" complexity="1">
              <lines>
                <line number="99" hits="0" branch="False" />
                <line number="100" hits="0" branch="False" />
                <line number="101" hits="0" branch="False" />
              </lines>
            </method>
            <method name="Remove" signature="(Type)" line-rate="1" branch-rate="1" complexity="1">
              <lines>
                <line number="106" hits="1" branch="False" />
                <line number="107" hits="1" branch="False" />
              </lines>
            </method>
            <method name="RemoveRange" signature="(System.Collections.Generic.IEnumerable`1&lt;Type&gt;)" line-rate="1" branch-rate="1" complexity="1">
              <lines>
                <line number="112" hits="1" branch="False" />
                <line number="113" hits="1" branch="False" />
              </lines>
            </method>
            <method name=".ctor" signature="(TDbContext,Microsoft.Extensions.Caching.Memory.IMemoryCache,Microsoft.ApplicationInsights.TelemetryClient)" line-rate="1" branch-rate="1" complexity="1">
              <lines>
                <line number="35" hits="135" branch="False" />
                <line number="36" hits="135" branch="False" />
                <line number="37" hits="135" branch="False" />
                <line number="38" hits="135" branch="False" />
                <line number="40" hits="135" branch="False" />
                <line number="41" hits="135" branch="False" />
                <line number="42" hits="135" branch="False" />
                <line number="43" hits="135" branch="False" />
              </lines>
            </method>
          </methods>
          <lines>
            <line number="48" hits="194" branch="False" />
            <line number="53" hits="56" branch="False" />
            <line number="62" hits="526" branch="False" />
            <line number="69" hits="2" branch="False" />
            <line number="70" hits="2" branch="False" />
            <line number="75" hits="0" branch="False" />
            <line number="76" hits="0" branch="False" />
            <line number="81" hits="0" branch="False" />
            <line number="87" hits="2" branch="False" />
            <line number="93" hits="3" branch="False" />
            <line number="99" hits="0" branch="False" />
            <line number="100" hits="0" branch="False" />
            <line number="101" hits="0" branch="False" />
            <line number="106" hits="1" branch="False" />
            <line number="107" hits="1" branch="False" />
            <line number="112" hits="1" branch="False" />
            <line number="113" hits="1" branch="False" />
            <line number="35" hits="135" branch="False" />
            <line number="36" hits="135" branch="False" />
            <line number="37" hits="135" branch="False" />
            <line number="38" hits="135" branch="False" />
            <line number="40" hits="135" branch="False" />
            <line number="41" hits="135" branch="False" />
            <line number="42" hits="135" branch="False" />
            <line number="43" hits="135" branch="False" />
          </lines>
        </class>
      </classes>
    </package>
    <package name="BancoAlimentar.AlimentaEstaIdeia.Model" line-rate="0.8708" branch-rate="0.8125" complexity="193">
      <classes>
        <class name="BancoAlimentar.AlimentaEstaIdeia.Model.ApplicationDbContext" filename="BancoAlimentar.AlimentaEstaIdeia.Model\ApplicationDbContext.cs" line-rate="1" branch-rate="1" complexity="20">
          <methods>
            <method name="get_WebUser" signature="()" line-rate="1" branch-rate="1" complexity="1">
              <lines>
                <line number="31" hits="360" branch="False" />
              </lines>
            </method>
            <method name="get_Donations" signature="()" line-rate="1" branch-rate="1" complexity="1">
              <lines>
                <line number="36" hits="338" branch="False" />
              </lines>
            </method>
            <method name="get_DonationItems" signature="()" line-rate="1" branch-rate="1" complexity="1">
              <lines>
                <line number="41" hits="156" branch="False" />
              </lines>
            </method>
            <method name="get_DonorAddresses" signature="()" line-rate="1" branch-rate="1" complexity="1">
              <lines>
                <line number="46" hits="60" branch="False" />
              </lines>
            </method>
            <method name="get_FoodBanks" signature="()" line-rate="1" branch-rate="1" complexity="1">
              <lines>
                <line number="51" hits="1546" branch="False" />
              </lines>
            </method>
            <method name="get_ProductCatalogues" signature="()" line-rate="1" branch-rate="1" complexity="1">
              <lines>
                <line number="56" hits="787" branch="False" />
              </lines>
            </method>
            <method name="get_Invoices" signature="()" line-rate="1" branch-rate="1" complexity="1">
              <lines>
                <line number="61" hits="116" branch="False" />
              </lines>
            </method>
            <method name="get_PayPalPayments" signature="()" line-rate="1" branch-rate="1" complexity="1">
              <lines>
                <line number="66" hits="63" branch="False" />
              </lines>
            </method>
            <method name="get_MultiBankPayments" signature="()" line-rate="1" branch-rate="1" complexity="1">
              <lines>
                <line number="71" hits="76" branch="False" />
              </lines>
            </method>
            <method name="get_CreditCardPayments" signature="()" line-rate="1" branch-rate="1" complexity="1">
              <lines>
                <line number="76" hits="66" branch="False" />
              </lines>
            </method>
            <method name="get_MBWayPayments" signature="()" line-rate="1" branch-rate="1" complexity="1">
              <lines>
                <line number="81" hits="64" branch="False" />
              </lines>
            </method>
            <method name="get_Payments" signature="()" line-rate="1" branch-rate="1" complexity="1">
              <lines>
                <line number="86" hits="261" branch="False" />
              </lines>
            </method>
            <method name="get_Campaigns" signature="()" line-rate="1" branch-rate="1" complexity="1">
              <lines>
                <line number="91" hits="130" branch="False" />
              </lines>
            </method>
            <method name="get_Subscriptions" signature="()" line-rate="1" branch-rate="1" complexity="1">
              <lines>
                <line number="96" hits="112" branch="False" />
              </lines>
            </method>
            <method name="get_SubscriptionDonations" signature="()" line-rate="1" branch-rate="1" complexity="1">
              <lines>
                <line number="101" hits="81" branch="False" />
              </lines>
            </method>
            <method name="get_Referrals" signature="()" line-rate="1" branch-rate="1" complexity="1">
              <lines>
                <line number="106" hits="89" branch="False" />
              </lines>
            </method>
            <method name="get_PaymentNotifications" signature="()" line-rate="1" branch-rate="1" complexity="1">
              <lines>
                <line number="111" hits="72" branch="False" />
              </lines>
            </method>
            <method name="get_Configurations" signature="()" line-rate="1" branch-rate="1" complexity="1">
              <lines>
                <line number="116" hits="60" branch="False" />
              </lines>
            </method>
            <method name="OnModelCreating" signature="(Microsoft.EntityFrameworkCore.ModelBuilder)" line-rate="1" branch-rate="1" complexity="1">
              <lines>
                <line number="124" hits="1" branch="False" />
                <line number="126" hits="1" branch="False" />
                <line number="127" hits="1" branch="False" />
                <line number="128" hits="1" branch="False" />
                <line number="133" hits="1" branch="False" />
                <line number="134" hits="1" branch="False" />
                <line number="135" hits="1" branch="False" />
                <line number="136" hits="1" branch="False" />
                <line number="137" hits="1" branch="False" />
                <line number="138" hits="1" branch="False" />
                <line number="139" hits="1" branch="False" />
                <line number="140" hits="1" branch="False" />
                <line number="141" hits="1" branch="False" />
                <line number="142" hits="1" branch="False" />
                <line number="143" hits="1" branch="False" />
                <line number="144" hits="1" branch="False" />
                <line number="145" hits="1" branch="False" />
                <line number="146" hits="1" branch="False" />
                <line number="147" hits="1" branch="False" />
                <line number="148" hits="1" branch="False" />
                <line number="149" hits="1" branch="False" />
                <line number="150" hits="1" branch="False" />
                <line number="151" hits="1" branch="False" />
                <line number="152" hits="1" branch="False" />
                <line number="153" hits="1" branch="False" />
                <line number="154" hits="1" branch="False" />
                <line number="155" hits="1" branch="False" />
                <line number="156" hits="1" branch="False" />
                <line number="157" hits="1" branch="False" />
                <line number="158" hits="2" branch="False" />
                <line number="160" hits="1" branch="False" />
                <line number="161" hits="1" branch="False" />
                <line number="162" hits="1" branch="False" />
                <line number="163" hits="1" branch="False" />
                <line number="164" hits="1" branch="False" />
                <line number="165" hits="1" branch="False" />
                <line number="166" hits="1" branch="False" />
                <line number="167" hits="1" branch="False" />
                <line number="168" hits="1" branch="False" />
                <line number="169" hits="1" branch="False" />
                <line number="170" hits="1" branch="False" />
                <line number="171" hits="1" branch="False" />
                <line number="172" hits="1" branch="False" />
                <line number="173" hits="2" branch="False" />
                <line number="175" hits="1" branch="False" />
                <line number="176" hits="1" branch="False" />
                <line number="177" hits="1" branch="False" />
                <line number="178" hits="1" branch="False" />
                <line number="179" hits="1" branch="False" />
                <line number="180" hits="2" branch="False" />
                <line number="188" hits="1" branch="False" />
                <line number="189" hits="1" branch="False" />
                <line number="190" hits="1" branch="False" />
                <line number="191" hits="1" branch="False" />
                <line number="192" hits="1" branch="False" />
                <line number="193" hits="2" branch="False" />
                <line number="199" hits="1" branch="False" />
              </lines>
            </method>
            <method name=".ctor" signature="(Microsoft.EntityFrameworkCore.DbContextOptions`1&lt;BancoAlimentar.AlimentaEstaIdeia.Model.ApplicationDbContext&gt;)" line-rate="1" branch-rate="1" complexity="1">
              <lines>
                <line number="24" hits="60" branch="False" />
                <line number="26" hits="60" branch="False" />
              </lines>
            </method>
          </methods>
          <lines>
            <line number="31" hits="360" branch="False" />
            <line number="36" hits="338" branch="False" />
            <line number="41" hits="156" branch="False" />
            <line number="46" hits="60" branch="False" />
            <line number="51" hits="1546" branch="False" />
            <line number="56" hits="787" branch="False" />
            <line number="61" hits="116" branch="False" />
            <line number="66" hits="63" branch="False" />
            <line number="71" hits="76" branch="False" />
            <line number="76" hits="66" branch="False" />
            <line number="81" hits="64" branch="False" />
            <line number="86" hits="261" branch="False" />
            <line number="91" hits="130" branch="False" />
            <line number="96" hits="112" branch="False" />
            <line number="101" hits="81" branch="False" />
            <line number="106" hits="89" branch="False" />
            <line number="111" hits="72" branch="False" />
            <line number="116" hits="60" branch="False" />
            <line number="124" hits="1" branch="False" />
            <line number="126" hits="1" branch="False" />
            <line number="127" hits="1" branch="False" />
            <line number="128" hits="1" branch="False" />
            <line number="133" hits="1" branch="False" />
            <line number="134" hits="1" branch="False" />
            <line number="135" hits="1" branch="False" />
            <line number="136" hits="1" branch="False" />
            <line number="137" hits="1" branch="False" />
            <line number="138" hits="1" branch="False" />
            <line number="139" hits="1" branch="False" />
            <line number="140" hits="1" branch="False" />
            <line number="141" hits="1" branch="False" />
            <line number="142" hits="1" branch="False" />
            <line number="143" hits="1" branch="False" />
            <line number="144" hits="1" branch="False" />
            <line number="145" hits="1" branch="False" />
            <line number="146" hits="1" branch="False" />
            <line number="147" hits="1" branch="False" />
            <line number="148" hits="1" branch="False" />
            <line number="149" hits="1" branch="False" />
            <line number="150" hits="1" branch="False" />
            <line number="151" hits="1" branch="False" />
            <line number="152" hits="1" branch="False" />
            <line number="153" hits="1" branch="False" />
            <line number="154" hits="1" branch="False" />
            <line number="155" hits="1" branch="False" />
            <line number="156" hits="1" branch="False" />
            <line number="157" hits="1" branch="False" />
            <line number="158" hits="2" branch="False" />
            <line number="160" hits="1" branch="False" />
            <line number="161" hits="1" branch="False" />
            <line number="162" hits="1" branch="False" />
            <line number="163" hits="1" branch="False" />
            <line number="164" hits="1" branch="False" />
            <line number="165" hits="1" branch="False" />
            <line number="166" hits="1" branch="False" />
            <line number="167" hits="1" branch="False" />
            <line number="168" hits="1" branch="False" />
            <line number="169" hits="1" branch="False" />
            <line number="170" hits="1" branch="False" />
            <line number="171" hits="1" branch="False" />
            <line number="172" hits="1" branch="False" />
            <line number="173" hits="2" branch="False" />
            <line number="175" hits="1" branch="False" />
            <line number="176" hits="1" branch="False" />
            <line number="177" hits="1" branch="False" />
            <line number="178" hits="1" branch="False" />
            <line number="179" hits="1" branch="False" />
            <line number="180" hits="2" branch="False" />
            <line number="188" hits="1" branch="False" />
            <line number="189" hits="1" branch="False" />
            <line number="190" hits="1" branch="False" />
            <line number="191" hits="1" branch="False" />
            <line number="192" hits="1" branch="False" />
            <line number="193" hits="2" branch="False" />
            <line number="199" hits="1" branch="False" />
            <line number="24" hits="60" branch="False" />
            <line number="26" hits="60" branch="False" />
          </lines>
        </class>
        <class name="BancoAlimentar.AlimentaEstaIdeia.Model.BasePayment" filename="BancoAlimentar.AlimentaEstaIdeia.Model\BasePayment.cs" line-rate="1" branch-rate="1" complexity="6">
          <methods>
            <method name="get_TransactionKey" signature="()" line-rate="1" branch-rate="1" complexity="1">
              <lines>
                <line number="18" hits="103" branch="False" />
              </lines>
            </method>
            <method name="get_Id" signature="()" line-rate="1" branch-rate="1" complexity="1">
              <lines>
                <line number="23" hits="97" branch="False" />
              </lines>
            </method>
            <method name="get_Created" signature="()" line-rate="1" branch-rate="1" complexity="1">
              <lines>
                <line number="28" hits="167" branch="False" />
              </lines>
            </method>
            <method name="get_Completed" signature="()" line-rate="1" branch-rate="1" complexity="1">
              <lines>
                <line number="33" hits="7" branch="False" />
              </lines>
            </method>
            <method name="get_Status" signature="()" line-rate="1" branch-rate="1" complexity="1">
              <lines>
                <line number="38" hits="148" branch="False" />
              </lines>
            </method>
            <method name="get_Donation" signature="()" line-rate="1" branch-rate="1" complexity="1">
              <lines>
                <line number="43" hits="67" branch="False" />
              </lines>
            </method>
          </methods>
          <lines>
            <line number="18" hits="103" branch="False" />
            <line number="23" hits="97" branch="False" />
            <line number="28" hits="167" branch="False" />
            <line number="33" hits="7" branch="False" />
            <line number="38" hits="148" branch="False" />
            <line number="43" hits="67" branch="False" />
          </lines>
        </class>
        <class name="BancoAlimentar.AlimentaEstaIdeia.Model.Campaign" filename="BancoAlimentar.AlimentaEstaIdeia.Model\Campaign.cs" line-rate="0.8571" branch-rate="1" complexity="7">
          <methods>
            <method name="get_Id" signature="()" line-rate="0" branch-rate="1" complexity="1">
              <lines>
                <line number="18" hits="0" branch="False" />
              </lines>
            </method>
            <method name="get_Number" signature="()" line-rate="1" branch-rate="1" complexity="1">
              <lines>
                <line number="23" hits="63" branch="False" />
              </lines>
            </method>
            <method name="get_Start" signature="()" line-rate="1" branch-rate="1" complexity="1">
              <lines>
                <line number="28" hits="61" branch="False" />
              </lines>
            </method>
            <method name="get_End" signature="()" line-rate="1" branch-rate="1" complexity="1">
              <lines>
                <line number="33" hits="61" branch="False" />
              </lines>
            </method>
            <method name="get_ReportEnd" signature="()" line-rate="1" branch-rate="1" complexity="1">
              <lines>
                <line number="38" hits="1" branch="False" />
              </lines>
            </method>
            <method name="get_IsDefaultCampaign" signature="()" line-rate="1" branch-rate="1" complexity="1">
              <lines>
                <line number="43" hits="64" branch="False" />
              </lines>
            </method>
            <method name="get_ProductCatalogues" signature="()" line-rate="1" branch-rate="1" complexity="1">
              <lines>
                <line number="48" hits="8" branch="False" />
              </lines>
            </method>
          </methods>
          <lines>
            <line number="18" hits="0" branch="False" />
            <line number="23" hits="63" branch="False" />
            <line number="28" hits="61" branch="False" />
            <line number="33" hits="61" branch="False" />
            <line number="38" hits="1" branch="False" />
            <line number="43" hits="64" branch="False" />
            <line number="48" hits="8" branch="False" />
          </lines>
        </class>
        <class name="BancoAlimentar.AlimentaEstaIdeia.Model.Configuration" filename="BancoAlimentar.AlimentaEstaIdeia.Model\Configuration.cs" line-rate="0" branch-rate="1" complexity="4">
          <methods>
            <method name="get_Id" signature="()" line-rate="0" branch-rate="1" complexity="1">
              <lines>
                <line number="29" hits="0" branch="False" />
              </lines>
            </method>
            <method name="get_Created" signature="()" line-rate="0" branch-rate="1" complexity="1">
              <lines>
                <line number="34" hits="0" branch="False" />
              </lines>
            </method>
            <method name="get_Name" signature="()" line-rate="0" branch-rate="1" complexity="1">
              <lines>
                <line number="39" hits="0" branch="False" />
              </lines>
            </method>
            <method name="get_Value" signature="()" line-rate="0" branch-rate="1" complexity="1">
              <lines>
                <line number="44" hits="0" branch="False" />
              </lines>
            </method>
          </methods>
          <lines>
            <line number="29" hits="0" branch="False" />
            <line number="34" hits="0" branch="False" />
            <line number="39" hits="0" branch="False" />
            <line number="44" hits="0" branch="False" />
          </lines>
        </class>
        <class name="BancoAlimentar.AlimentaEstaIdeia.Model.CreditCardPayment" filename="BancoAlimentar.AlimentaEstaIdeia.Model\CreditCardPayment.cs" line-rate="1" branch-rate="1" complexity="1">
          <methods>
            <method name="get_Url" signature="()" line-rate="1" branch-rate="1" complexity="1">
              <lines>
                <line number="15" hits="84" branch="False" />
              </lines>
            </method>
          </methods>
          <lines>
            <line number="15" hits="84" branch="False" />
          </lines>
        </class>
        <class name="BancoAlimentar.AlimentaEstaIdeia.Model.Donation" filename="BancoAlimentar.AlimentaEstaIdeia.Model\Donation.cs" line-rate="0.8823000000000001" branch-rate="1" complexity="17">
          <methods>
            <method name="get_Id" signature="()" line-rate="1" branch-rate="1" complexity="1">
              <lines>
                <line number="22" hits="140" branch="False" />
              </lines>
            </method>
            <method name="get_PublicId" signature="()" line-rate="1" branch-rate="1" complexity="1">
              <lines>
                <line number="29" hits="113" branch="False" />
              </lines>
            </method>
            <method name="get_User" signature="()" line-rate="1" branch-rate="1" complexity="1">
              <lines>
                <line number="34" hits="213" branch="False" />
              </lines>
            </method>
            <method name="get_DonationDate" signature="()" line-rate="1" branch-rate="1" complexity="1">
              <lines>
                <line number="40" hits="118" branch="False" />
              </lines>
            </method>
            <method name="get_DonationAmount" signature="()" line-rate="1" branch-rate="1" complexity="1">
              <lines>
                <line number="47" hits="126" branch="False" />
              </lines>
            </method>
            <method name="get_FoodBank" signature="()" line-rate="1" branch-rate="1" complexity="1">
              <lines>
                <line number="53" hits="150" branch="False" />
              </lines>
            </method>
            <method name="get_WantsReceipt" signature="()" line-rate="1" branch-rate="1" complexity="1">
              <lines>
                <line number="59" hits="77" branch="False" />
              </lines>
            </method>
            <method name="get_PaymentStatus" signature="()" line-rate="1" branch-rate="1" complexity="1">
              <lines>
                <line number="65" hits="168" branch="False" />
              </lines>
            </method>
            <method name="get_DonationItems" signature="()" line-rate="1" branch-rate="1" complexity="1">
              <lines>
                <line number="71" hits="159" branch="False" />
              </lines>
            </method>
            <method name="get_ServiceEntity" signature="()" line-rate="1" branch-rate="1" complexity="1">
              <lines>
                <line number="78" hits="7" branch="False" />
              </lines>
            </method>
            <method name="get_ServiceReference" signature="()" line-rate="1" branch-rate="1" complexity="1">
              <lines>
                <line number="85" hits="7" branch="False" />
              </lines>
            </method>
            <method name="get_PaymentList" signature="()" line-rate="1" branch-rate="1" complexity="1">
              <lines>
                <line number="91" hits="231" branch="False" />
              </lines>
            </method>
            <method name="get_ReferralEntity" signature="()" line-rate="1" branch-rate="1" complexity="1">
              <lines>
                <line number="97" hits="87" branch="False" />
              </lines>
            </method>
            <method name="get_Nif" signature="()" line-rate="1" branch-rate="1" complexity="1">
              <lines>
                <line number="106" hits="121" branch="False" />
              </lines>
            </method>
            <method name="get_ConfirmedPayment" signature="()" line-rate="1" branch-rate="1" complexity="1">
              <lines>
                <line number="112" hits="287" branch="False" />
              </lines>
            </method>
            <method name="get_IsCashDonation" signature="()" line-rate="0" branch-rate="1" complexity="1">
              <lines>
                <line number="117" hits="0" branch="False" />
              </lines>
            </method>
            <method name="get_CampaignName" signature="()" line-rate="0" branch-rate="1" complexity="1">
              <lines>
                <line number="122" hits="0" branch="False" />
              </lines>
            </method>
          </methods>
          <lines>
            <line number="22" hits="140" branch="False" />
            <line number="29" hits="113" branch="False" />
            <line number="34" hits="213" branch="False" />
            <line number="40" hits="118" branch="False" />
            <line number="47" hits="126" branch="False" />
            <line number="53" hits="150" branch="False" />
            <line number="59" hits="77" branch="False" />
            <line number="65" hits="168" branch="False" />
            <line number="71" hits="159" branch="False" />
            <line number="78" hits="7" branch="False" />
            <line number="85" hits="7" branch="False" />
            <line number="91" hits="231" branch="False" />
            <line number="97" hits="87" branch="False" />
            <line number="106" hits="121" branch="False" />
            <line number="112" hits="287" branch="False" />
            <line number="117" hits="0" branch="False" />
            <line number="122" hits="0" branch="False" />
          </lines>
        </class>
        <class name="BancoAlimentar.AlimentaEstaIdeia.Model.DonationItem" filename="BancoAlimentar.AlimentaEstaIdeia.Model\DonationItem.cs" line-rate="0.8" branch-rate="1" complexity="5">
          <methods>
            <method name="get_Id" signature="()" line-rate="0" branch-rate="1" complexity="1">
              <lines>
                <line number="17" hits="0" branch="False" />
              </lines>
            </method>
            <method name="get_ProductCatalogue" signature="()" line-rate="1" branch-rate="1" complexity="1">
              <lines>
                <line number="22" hits="142" branch="False" />
              </lines>
            </method>
            <method name="get_Donation" signature="()" line-rate="1" branch-rate="1" complexity="1">
              <lines>
                <line number="27" hits="41" branch="False" />
              </lines>
            </method>
            <method name="get_Quantity" signature="()" line-rate="1" branch-rate="1" complexity="1">
              <lines>
                <line number="32" hits="137" branch="False" />
              </lines>
            </method>
            <method name="get_Price" signature="()" line-rate="1" branch-rate="1" complexity="1">
              <lines>
                <line number="37" hits="124" branch="False" />
              </lines>
            </method>
          </methods>
          <lines>
            <line number="17" hits="0" branch="False" />
            <line number="22" hits="142" branch="False" />
            <line number="27" hits="41" branch="False" />
            <line number="32" hits="137" branch="False" />
            <line number="37" hits="124" branch="False" />
          </lines>
        </class>
        <class name="BancoAlimentar.AlimentaEstaIdeia.Model.DonorAddress" filename="BancoAlimentar.AlimentaEstaIdeia.Model\DonorAddress.cs" line-rate="0.8332999999999999" branch-rate="1" complexity="6">
          <methods>
            <method name="get_Id" signature="()" line-rate="0" branch-rate="1" complexity="1">
              <lines>
                <line number="20" hits="0" branch="False" />
              </lines>
            </method>
            <method name="get_Address1" signature="()" line-rate="1" branch-rate="1" complexity="1">
              <lines>
                <line number="28" hits="28" branch="False" />
              </lines>
            </method>
            <method name="get_Address2" signature="()" line-rate="1" branch-rate="1" complexity="1">
              <lines>
                <line number="35" hits="6" branch="False" />
              </lines>
            </method>
            <method name="get_City" signature="()" line-rate="1" branch-rate="1" complexity="1">
              <lines>
                <line number="42" hits="17" branch="False" />
              </lines>
            </method>
            <method name="get_PostalCode" signature="()" line-rate="1" branch-rate="1" complexity="1">
              <lines>
                <line number="49" hits="8" branch="False" />
              </lines>
            </method>
            <method name="get_Country" signature="()" line-rate="1" branch-rate="1" complexity="1">
              <lines>
                <line number="55" hits="16" branch="False" />
              </lines>
            </method>
          </methods>
          <lines>
            <line number="20" hits="0" branch="False" />
            <line number="28" hits="28" branch="False" />
            <line number="35" hits="6" branch="False" />
            <line number="42" hits="17" branch="False" />
            <line number="49" hits="8" branch="False" />
            <line number="55" hits="16" branch="False" />
          </lines>
        </class>
        <class name="BancoAlimentar.AlimentaEstaIdeia.Model.EasyPayBaseClass" filename="BancoAlimentar.AlimentaEstaIdeia.Model\EasyPayBaseClass.cs" line-rate="1" branch-rate="1" complexity="1">
          <methods>
            <method name="get_EasyPayPaymentId" signature="()" line-rate="1" branch-rate="1" complexity="1">
              <lines>
                <line number="15" hits="30" branch="False" />
              </lines>
            </method>
          </methods>
          <lines>
            <line number="15" hits="30" branch="False" />
          </lines>
        </class>
        <class name="BancoAlimentar.AlimentaEstaIdeia.Model.EasyPayWithValuesBaseClass" filename="BancoAlimentar.AlimentaEstaIdeia.Model\EasyPayWithValuesBaseClass.cs" line-rate="1" branch-rate="1" complexity="6">
          <methods>
            <method name="get_Requested" signature="()" line-rate="1" branch-rate="1" complexity="1">
              <lines>
                <line number="17" hits="5" branch="False" />
              </lines>
            </method>
            <method name="get_Paid" signature="()" line-rate="1" branch-rate="1" complexity="1">
              <lines>
                <line number="22" hits="5" branch="False" />
              </lines>
            </method>
            <method name="get_FixedFee" signature="()" line-rate="1" branch-rate="1" complexity="1">
              <lines>
                <line number="27" hits="5" branch="False" />
              </lines>
            </method>
            <method name="get_VariableFee" signature="()" line-rate="1" branch-rate="1" complexity="1">
              <lines>
                <line number="32" hits="5" branch="False" />
              </lines>
            </method>
            <method name="get_Tax" signature="()" line-rate="1" branch-rate="1" complexity="1">
              <lines>
                <line number="37" hits="5" branch="False" />
              </lines>
            </method>
            <method name="get_Transfer" signature="()" line-rate="1" branch-rate="1" complexity="1">
              <lines>
                <line number="42" hits="5" branch="False" />
              </lines>
            </method>
          </methods>
          <lines>
            <line number="17" hits="5" branch="False" />
            <line number="22" hits="5" branch="False" />
            <line number="27" hits="5" branch="False" />
            <line number="32" hits="5" branch="False" />
            <line number="37" hits="5" branch="False" />
            <line number="42" hits="5" branch="False" />
          </lines>
        </class>
        <class name="BancoAlimentar.AlimentaEstaIdeia.Model.FoodBank" filename="BancoAlimentar.AlimentaEstaIdeia.Model\FoodBank.cs" line-rate="0.6666" branch-rate="1" complexity="6">
          <methods>
            <method name="get_Id" signature="()" line-rate="1" branch-rate="1" complexity="1">
              <lines>
                <line number="17" hits="22" branch="False" />
              </lines>
            </method>
            <method name="get_Name" signature="()" line-rate="1" branch-rate="1" complexity="1">
              <lines>
                <line number="23" hits="1346" branch="False" />
              </lines>
            </method>
            <method name="get_ReceiptName" signature="()" line-rate="1" branch-rate="1" complexity="1">
              <lines>
                <line number="28" hits="1" branch="False" />
              </lines>
            </method>
            <method name="get_ReceiptSignatureImg" signature="()" line-rate="0" branch-rate="1" complexity="1">
              <lines>
                <line number="33" hits="0" branch="False" />
              </lines>
            </method>
            <method name="get_ReceiptPlace" signature="()" line-rate="1" branch-rate="1" complexity="1">
              <lines>
                <line number="38" hits="3" branch="False" />
              </lines>
            </method>
            <method name="get_ReceiptHeader" signature="()" line-rate="0" branch-rate="1" complexity="1">
              <lines>
                <line number="43" hits="0" branch="False" />
              </lines>
            </method>
          </methods>
          <lines>
            <line number="17" hits="22" branch="False" />
            <line number="23" hits="1346" branch="False" />
            <line number="28" hits="1" branch="False" />
            <line number="33" hits="0" branch="False" />
            <line number="38" hits="3" branch="False" />
            <line number="43" hits="0" branch="False" />
          </lines>
        </class>
        <class name="BancoAlimentar.AlimentaEstaIdeia.Model.Invoice" filename="BancoAlimentar.AlimentaEstaIdeia.Model\Invoice.cs" line-rate="0.8665999999999999" branch-rate="1" complexity="13">
          <methods>
            <method name="get_DefaultInvalidInvoice" signature="()" line-rate="0" branch-rate="1" complexity="1">
              <lines>
                <line number="30" hits="0" branch="False" />
              </lines>
            </method>
            <method name="get_Id" signature="()" line-rate="1" branch-rate="1" complexity="1">
              <lines>
                <line number="37" hits="16" branch="False" />
              </lines>
            </method>
            <method name="get_Sequence" signature="()" line-rate="1" branch-rate="1" complexity="1">
              <lines>
                <line number="42" hits="15" branch="False" />
              </lines>
            </method>
            <method name="get_Number" signature="()" line-rate="1" branch-rate="1" complexity="1">
              <lines>
                <line number="47" hits="21" branch="False" />
              </lines>
            </method>
            <method name="get_Created" signature="()" line-rate="1" branch-rate="1" complexity="1">
              <lines>
                <line number="52" hits="15" branch="False" />
              </lines>
            </method>
            <method name="get_Year" signature="()" line-rate="1" branch-rate="1" complexity="1">
              <lines>
                <line number="58" hits="15" branch="False" />
              </lines>
            </method>
            <method name="get_User" signature="()" line-rate="1" branch-rate="1" complexity="1">
              <lines>
                <line number="63" hits="75" branch="False" />
              </lines>
            </method>
            <method name="get_Donation" signature="()" line-rate="1" branch-rate="1" complexity="1">
              <lines>
                <line number="68" hits="31" branch="False" />
              </lines>
            </method>
            <method name="get_BlobName" signature="()" line-rate="1" branch-rate="1" complexity="1">
              <lines>
                <line number="73" hits="15" branch="False" />
              </lines>
            </method>
            <method name="get_InternalMessage" signature="()" line-rate="0" branch-rate="1" complexity="1">
              <lines>
                <line number="78" hits="0" branch="False" />
              </lines>
            </method>
            <method name="get_IsCanceled" signature="()" line-rate="1" branch-rate="1" complexity="1">
              <lines>
                <line number="83" hits="20" branch="False" />
              </lines>
            </method>
            <method name="get_FoodBank" signature="()" line-rate="1" branch-rate="1" complexity="1">
              <lines>
                <line number="88" hits="14" branch="False" />
              </lines>
            </method>
            <method name=".cctor" signature="()" line-rate="1" branch-rate="1" complexity="1">
              <lines>
                <line number="19" hits="1" branch="False" />
                <line number="20" hits="1" branch="False" />
                <line number="21" hits="1" branch="False" />
              </lines>
            </method>
          </methods>
          <lines>
            <line number="30" hits="0" branch="False" />
            <line number="37" hits="16" branch="False" />
            <line number="42" hits="15" branch="False" />
            <line number="47" hits="21" branch="False" />
            <line number="52" hits="15" branch="False" />
            <line number="58" hits="15" branch="False" />
            <line number="63" hits="75" branch="False" />
            <line number="68" hits="31" branch="False" />
            <line number="73" hits="15" branch="False" />
            <line number="78" hits="0" branch="False" />
            <line number="83" hits="20" branch="False" />
            <line number="88" hits="14" branch="False" />
            <line number="19" hits="1" branch="False" />
            <line number="20" hits="1" branch="False" />
            <line number="21" hits="1" branch="False" />
          </lines>
        </class>
        <class name="BancoAlimentar.AlimentaEstaIdeia.Model.MBWayPayment" filename="BancoAlimentar.AlimentaEstaIdeia.Model\MBWayPayment.cs" line-rate="1" branch-rate="1" complexity="1">
          <methods>
            <method name="get_Alias" signature="()" line-rate="1" branch-rate="1" complexity="1">
              <lines>
                <line number="17" hits="4" branch="False" />
              </lines>
            </method>
          </methods>
          <lines>
            <line number="17" hits="4" branch="False" />
          </lines>
        </class>
        <class name="BancoAlimentar.AlimentaEstaIdeia.Model.MultiBankPayment" filename="BancoAlimentar.AlimentaEstaIdeia.Model\MultiBankPayment.cs" line-rate="0" branch-rate="1" complexity="2">
          <methods>
            <method name="get_Type" signature="()" line-rate="0" branch-rate="1" complexity="1">
              <lines>
                <line number="15" hits="0" branch="False" />
              </lines>
            </method>
            <method name="get_Message" signature="()" line-rate="0" branch-rate="1" complexity="1">
              <lines>
                <line number="20" hits="0" branch="False" />
              </lines>
            </method>
          </methods>
          <lines>
            <line number="15" hits="0" branch="False" />
            <line number="20" hits="0" branch="False" />
          </lines>
        </class>
        <class name="BancoAlimentar.AlimentaEstaIdeia.Model.PaymentNotifications" filename="BancoAlimentar.AlimentaEstaIdeia.Model\PaymentNotifications.cs" line-rate="0.8" branch-rate="1" complexity="5">
          <methods>
            <method name="get_Id" signature="()" line-rate="0" branch-rate="1" complexity="1">
              <lines>
                <line number="20" hits="0" branch="False" />
              </lines>
            </method>
            <method name="get_Payment" signature="()" line-rate="1" branch-rate="1" complexity="1">
              <lines>
                <line number="25" hits="6" branch="False" />
              </lines>
            </method>
            <method name="get_User" signature="()" line-rate="1" branch-rate="1" complexity="1">
              <lines>
                <line number="30" hits="6" branch="False" />
              </lines>
            </method>
            <method name="get_Created" signature="()" line-rate="1" branch-rate="1" complexity="1">
              <lines>
                <line number="35" hits="6" branch="False" />
              </lines>
            </method>
            <method name="get_NotificationType" signature="()" line-rate="1" branch-rate="1" complexity="1">
              <lines>
                <line number="40" hits="6" branch="False" />
              </lines>
            </method>
          </methods>
          <lines>
            <line number="20" hits="0" branch="False" />
            <line number="25" hits="6" branch="False" />
            <line number="30" hits="6" branch="False" />
            <line number="35" hits="6" branch="False" />
            <line number="40" hits="6" branch="False" />
          </lines>
        </class>
        <class name="BancoAlimentar.AlimentaEstaIdeia.Model.PaymentStatusMessages" filename="BancoAlimentar.AlimentaEstaIdeia.Model\PaymentStatusMessages.cs" line-rate="0.9285" branch-rate="1" complexity="3">
          <methods>
            <method name="get_SuccessPaymentMessages" signature="()" line-rate="0" branch-rate="1" complexity="1">
              <lines>
                <line number="38" hits="0" branch="False" />
              </lines>
            </method>
            <method name="get_FailedPaymentMessages" signature="()" line-rate="1" branch-rate="1" complexity="1">
              <lines>
                <line number="43" hits="21" branch="False" />
              </lines>
            </method>
            <method name=".cctor" signature="()" line-rate="1" branch-rate="1" complexity="1">
              <lines>
                <line number="21" hits="1" branch="False" />
                <line number="22" hits="1" branch="False" />
                <line number="23" hits="1" branch="False" />
                <line number="24" hits="1" branch="False" />
                <line number="25" hits="1" branch="False" />
                <line number="26" hits="1" branch="False" />
                <line number="28" hits="1" branch="False" />
                <line number="29" hits="1" branch="False" />
                <line number="30" hits="1" branch="False" />
                <line number="31" hits="1" branch="False" />
                <line number="32" hits="1" branch="False" />
                <line number="33" hits="1" branch="False" />
              </lines>
            </method>
          </methods>
          <lines>
            <line number="38" hits="0" branch="False" />
            <line number="43" hits="21" branch="False" />
            <line number="21" hits="1" branch="False" />
            <line number="22" hits="1" branch="False" />
            <line number="23" hits="1" branch="False" />
            <line number="24" hits="1" branch="False" />
            <line number="25" hits="1" branch="False" />
            <line number="26" hits="1" branch="False" />
            <line number="28" hits="1" branch="False" />
            <line number="29" hits="1" branch="False" />
            <line number="30" hits="1" branch="False" />
            <line number="31" hits="1" branch="False" />
            <line number="32" hits="1" branch="False" />
            <line number="33" hits="1" branch="False" />
          </lines>
        </class>
        <class name="BancoAlimentar.AlimentaEstaIdeia.Model.PayPalPayment" filename="BancoAlimentar.AlimentaEstaIdeia.Model\PayPalPayment.cs" line-rate="0.6666" branch-rate="1" complexity="3">
          <methods>
            <method name="get_PayPalPaymentId" signature="()" line-rate="1" branch-rate="1" complexity="1">
              <lines>
                <line number="15" hits="2" branch="False" />
              </lines>
            </method>
            <method name="get_PayerId" signature="()" line-rate="1" branch-rate="1" complexity="1">
              <lines>
                <line number="20" hits="2" branch="False" />
              </lines>
            </method>
            <method name="get_Token" signature="()" line-rate="0" branch-rate="1" complexity="1">
              <lines>
                <line number="25" hits="0" branch="False" />
              </lines>
            </method>
          </methods>
          <lines>
            <line number="15" hits="2" branch="False" />
            <line number="20" hits="2" branch="False" />
            <line number="25" hits="0" branch="False" />
          </lines>
        </class>
        <class name="BancoAlimentar.AlimentaEstaIdeia.Model.ProductCatalogue" filename="BancoAlimentar.AlimentaEstaIdeia.Model\ProductCatalogue.cs" line-rate="1" branch-rate="1" complexity="8">
          <methods>
            <method name="get_Id" signature="()" line-rate="1" branch-rate="1" complexity="1">
              <lines>
                <line number="23" hits="165" branch="False" />
              </lines>
            </method>
            <method name="get_Name" signature="()" line-rate="1" branch-rate="1" complexity="1">
              <lines>
                <line number="30" hits="451" branch="False" />
              </lines>
            </method>
            <method name="get_Description" signature="()" line-rate="1" branch-rate="1" complexity="1">
              <lines>
                <line number="36" hits="382" branch="False" />
              </lines>
            </method>
            <method name="get_UnitOfMeasure" signature="()" line-rate="1" branch-rate="1" complexity="1">
              <lines>
                <line number="43" hits="442" branch="False" />
              </lines>
            </method>
            <method name="get_Cost" signature="()" line-rate="1" branch-rate="1" complexity="1">
              <lines>
                <line number="49" hits="497" branch="False" />
              </lines>
            </method>
            <method name="get_IconUrl" signature="()" line-rate="1" branch-rate="1" complexity="1">
              <lines>
                <line number="56" hits="442" branch="False" />
              </lines>
            </method>
            <method name="get_Quantity" signature="()" line-rate="1" branch-rate="1" complexity="1">
              <lines>
                <line number="62" hits="484" branch="False" />
              </lines>
            </method>
            <method name="get_Campaign" signature="()" line-rate="1" branch-rate="1" complexity="1">
              <lines>
                <line number="67" hits="366" branch="False" />
              </lines>
            </method>
          </methods>
          <lines>
            <line number="23" hits="165" branch="False" />
            <line number="30" hits="451" branch="False" />
            <line number="36" hits="382" branch="False" />
            <line number="43" hits="442" branch="False" />
            <line number="49" hits="497" branch="False" />
            <line number="56" hits="442" branch="False" />
            <line number="62" hits="484" branch="False" />
            <line number="67" hits="366" branch="False" />
          </lines>
        </class>
        <class name="BancoAlimentar.AlimentaEstaIdeia.Model.Referral" filename="BancoAlimentar.AlimentaEstaIdeia.Model\Referral.cs" line-rate="1" branch-rate="1" complexity="8">
          <methods>
            <method name="get_Id" signature="()" line-rate="1" branch-rate="1" complexity="1">
              <lines>
                <line number="21" hits="18" branch="False" />
              </lines>
            </method>
            <method name="get_Code" signature="()" line-rate="1" branch-rate="1" complexity="1">
              <lines>
                <line number="26" hits="90" branch="False" />
              </lines>
            </method>
            <method name="get_User" signature="()" line-rate="1" branch-rate="1" complexity="1">
              <lines>
                <line number="31" hits="18" branch="False" />
              </lines>
            </method>
            <method name="get_Donations" signature="()" line-rate="1" branch-rate="1" complexity="1">
              <lines>
                <line number="36" hits="2" branch="False" />
              </lines>
            </method>
            <method name="get_Active" signature="()" line-rate="1" branch-rate="1" complexity="1">
              <lines>
                <line number="41" hits="20" branch="False" />
              </lines>
            </method>
            <method name="get_IsPublic" signature="()" line-rate="1" branch-rate="1" complexity="1">
              <lines>
                <line number="46" hits="16" branch="False" />
              </lines>
            </method>
            <method name="get_Name" signature="()" line-rate="1" branch-rate="1" complexity="1">
              <lines>
                <line number="51" hits="16" branch="False" />
              </lines>
            </method>
            <method name="get_CreateDate" signature="()" line-rate="1" branch-rate="1" complexity="1">
              <lines>
                <line number="56" hits="16" branch="False" />
              </lines>
            </method>
          </methods>
          <lines>
            <line number="21" hits="18" branch="False" />
            <line number="26" hits="90" branch="False" />
            <line number="31" hits="18" branch="False" />
            <line number="36" hits="2" branch="False" />
            <line number="41" hits="20" branch="False" />
            <line number="46" hits="16" branch="False" />
            <line number="51" hits="16" branch="False" />
            <line number="56" hits="16" branch="False" />
          </lines>
        </class>
        <class name="BancoAlimentar.AlimentaEstaIdeia.Model.Subscription" filename="BancoAlimentar.AlimentaEstaIdeia.Model\Subscription.cs" line-rate="0.9333" branch-rate="1" complexity="15">
          <methods>
            <method name="get_Id" signature="()" line-rate="1" branch-rate="1" complexity="1">
              <lines>
                <line number="21" hits="19" branch="False" />
              </lines>
            </method>
            <method name="get_PublicId" signature="()" line-rate="1" branch-rate="1" complexity="1">
              <lines>
                <line number="26" hits="19" branch="False" />
              </lines>
            </method>
            <method name="get_Created" signature="()" line-rate="1" branch-rate="1" complexity="1">
              <lines>
                <line number="31" hits="31" branch="False" />
              </lines>
            </method>
            <method name="get_StartTime" signature="()" line-rate="1" branch-rate="1" complexity="1">
              <lines>
                <line number="36" hits="30" branch="False" />
              </lines>
            </method>
            <method name="get_ExpirationTime" signature="()" line-rate="1" branch-rate="1" complexity="1">
              <lines>
                <line number="41" hits="31" branch="False" />
              </lines>
            </method>
            <method name="get_EasyPaySubscriptionId" signature="()" line-rate="1" branch-rate="1" complexity="1">
              <lines>
                <line number="46" hits="29" branch="False" />
              </lines>
            </method>
            <method name="get_IsDeleted" signature="()" line-rate="1" branch-rate="1" complexity="1">
              <lines>
                <line number="51" hits="2" branch="False" />
              </lines>
            </method>
            <method name="get_TransactionKey" signature="()" line-rate="1" branch-rate="1" complexity="1">
              <lines>
                <line number="56" hits="21" branch="False" />
              </lines>
            </method>
            <method name="get_Frequency" signature="()" line-rate="1" branch-rate="1" complexity="1">
              <lines>
                <line number="61" hits="18" branch="False" />
              </lines>
            </method>
            <method name="get_Url" signature="()" line-rate="1" branch-rate="1" complexity="1">
              <lines>
                <line number="66" hits="17" branch="False" />
              </lines>
            </method>
            <method name="get_InitialDonation" signature="()" line-rate="1" branch-rate="1" complexity="1">
              <lines>
                <line number="71" hits="25" branch="False" />
              </lines>
            </method>
            <method name="get_Status" signature="()" line-rate="1" branch-rate="1" complexity="1">
              <lines>
                <line number="76" hits="43" branch="False" />
              </lines>
            </method>
            <method name="get_SubscriptionType" signature="()" line-rate="0" branch-rate="1" complexity="1">
              <lines>
                <line number="81" hits="0" branch="False" />
              </lines>
            </method>
            <method name="get_Donations" signature="()" line-rate="1" branch-rate="1" complexity="1">
              <lines>
                <line number="86" hits="1" branch="False" />
              </lines>
            </method>
            <method name="get_User" signature="()" line-rate="1" branch-rate="1" complexity="1">
              <lines>
                <line number="91" hits="20" branch="False" />
              </lines>
            </method>
          </methods>
          <lines>
            <line number="21" hits="19" branch="False" />
            <line number="26" hits="19" branch="False" />
            <line number="31" hits="31" branch="False" />
            <line number="36" hits="30" branch="False" />
            <line number="41" hits="31" branch="False" />
            <line number="46" hits="29" branch="False" />
            <line number="51" hits="2" branch="False" />
            <line number="56" hits="21" branch="False" />
            <line number="61" hits="18" branch="False" />
            <line number="66" hits="17" branch="False" />
            <line number="71" hits="25" branch="False" />
            <line number="76" hits="43" branch="False" />
            <line number="81" hits="0" branch="False" />
            <line number="86" hits="1" branch="False" />
            <line number="91" hits="20" branch="False" />
          </lines>
        </class>
        <class name="BancoAlimentar.AlimentaEstaIdeia.Model.SubscriptionDonations" filename="BancoAlimentar.AlimentaEstaIdeia.Model\SubscriptionDonations.cs" line-rate="0.6666" branch-rate="1" complexity="3">
          <methods>
            <method name="get_Id" signature="()" line-rate="0" branch-rate="1" complexity="1">
              <lines>
                <line number="17" hits="0" branch="False" />
              </lines>
            </method>
            <method name="get_Subscription" signature="()" line-rate="1" branch-rate="1" complexity="1">
              <lines>
                <line number="22" hits="18" branch="False" />
              </lines>
            </method>
            <method name="get_Donation" signature="()" line-rate="1" branch-rate="1" complexity="1">
              <lines>
                <line number="27" hits="20" branch="False" />
              </lines>
            </method>
          </methods>
          <lines>
            <line number="17" hits="0" branch="False" />
            <line number="22" hits="18" branch="False" />
            <line number="27" hits="20" branch="False" />
          </lines>
        </class>
        <class name="BancoAlimentar.AlimentaEstaIdeia.Model.Initializer.AnonymousUserDbInitializer" filename="BancoAlimentar.AlimentaEstaIdeia.Model\Initializer\AnonymousUserDbInitializer.cs" line-rate="1" branch-rate="1" complexity="2">
          <methods>
            <method name="Initialize" signature="(BancoAlimentar.AlimentaEstaIdeia.Model.ApplicationDbContext)" line-rate="1" branch-rate="1" complexity="2">
              <lines>
                <line number="22" hits="60" branch="False" />
                <line number="23" hits="60" branch="False" />
                <line number="24" hits="60" branch="True" condition-coverage="100% (2/2)">
                  <conditions>
                    <condition number="148" type="jump" coverage="100%" />
                  </conditions>
                </line>
                <line number="26" hits="60" branch="False" />
                <line number="27" hits="60" branch="False" />
                <line number="28" hits="60" branch="False" />
                <line number="29" hits="60" branch="False" />
                <line number="30" hits="60" branch="False" />
                <line number="31" hits="60" branch="False" />
                <line number="33" hits="60" branch="False" />
                <line number="34" hits="60" branch="False" />
                <line number="36" hits="60" branch="False" />
              </lines>
            </method>
          </methods>
          <lines>
            <line number="22" hits="60" branch="False" />
            <line number="23" hits="60" branch="False" />
            <line number="24" hits="60" branch="True" condition-coverage="100% (2/2)">
              <conditions>
                <condition number="148" type="jump" coverage="100%" />
              </conditions>
            </line>
            <line number="26" hits="60" branch="False" />
            <line number="27" hits="60" branch="False" />
            <line number="28" hits="60" branch="False" />
            <line number="29" hits="60" branch="False" />
            <line number="30" hits="60" branch="False" />
            <line number="31" hits="60" branch="False" />
            <line number="33" hits="60" branch="False" />
            <line number="34" hits="60" branch="False" />
            <line number="36" hits="60" branch="False" />
          </lines>
        </class>
        <class name="BancoAlimentar.AlimentaEstaIdeia.Model.Initializer.FoodBankDbInitializer" filename="BancoAlimentar.AlimentaEstaIdeia.Model\Initializer\FoodBankDbInitializer.cs" line-rate="0.7142000000000001" branch-rate="0.7777" complexity="19">
          <methods>
            <method name="Initialize" signature="(BancoAlimentar.AlimentaEstaIdeia.Model.ApplicationDbContext,Microsoft.Extensions.Configuration.IConfiguration)" line-rate="0.9309999999999999" branch-rate="0.8571" complexity="14">
              <lines>
                <line number="31" hits="60" branch="False" />
                <line number="33" hits="60" branch="True" condition-coverage="50% (1/2)">
                  <conditions>
                    <condition number="23" type="jump" coverage="50%" />
                  </conditions>
                </line>
                <line number="35" hits="0" branch="False" />
                <line number="38" hits="60" branch="False" />
                <line number="40" hits="60" branch="False" />
                <line number="41" hits="60" branch="False" />
                <line number="42" hits="60" branch="False" />
                <line number="44" hits="60" branch="True" condition-coverage="100% (6/6)">
                  <conditions>
                    <condition number="75" type="jump" coverage="100%" />
                    <condition number="86" type="jump" coverage="100%" />
                    <condition number="97" type="jump" coverage="100%" />
                  </conditions>
                </line>
                <line number="45" hits="60" branch="False" />
                <line number="46" hits="60" branch="False" />
                <line number="48" hits="60" branch="False" />
                <line number="49" hits="60" branch="False" />
                <line number="50" hits="60" branch="True" condition-coverage="100% (2/2)">
                  <conditions>
                    <condition number="139" type="jump" coverage="100%" />
                  </conditions>
                </line>
                <line number="52" hits="60" branch="False" />
                <line number="54" hits="60" branch="False" />
                <line number="56" hits="60" branch="False" />
                <line number="57" hits="60" branch="False" />
                <line number="58" hits="1380" branch="False" />
                <line number="59" hits="60" branch="False" />
                <line number="64" hits="60" branch="True" condition-coverage="50% (1/2)">
                  <conditions>
                    <condition number="265" type="jump" coverage="50%" />
                  </conditions>
                </line>
                <line number="67" hits="0" branch="False" />
                <line number="70" hits="2760" branch="True" condition-coverage="100% (2/2)">
                  <conditions>
                    <condition number="329" type="jump" coverage="100%" />
                  </conditions>
                </line>
                <line number="72" hits="1320" branch="False" />
                <line number="73" hits="1320" branch="False" />
                <line number="74" hits="1320" branch="False" />
                <line number="75" hits="1320" branch="False" />
                <line number="77" hits="1320" branch="False" />
                <line number="80" hits="60" branch="False" />
                <line number="81" hits="60" branch="False" />
              </lines>
            </method>
            <method name="IsValidAzureStorageConnectionString" signature="(System.String)" line-rate="0.6" branch-rate="0.5" complexity="4">
              <lines>
                <line number="85" hits="60" branch="True" condition-coverage="50% (1/2)">
                  <conditions>
                    <condition number="6" type="jump" coverage="50%" />
                  </conditions>
                </line>
                <line number="87" hits="0" branch="False" />
                <line number="90" hits="60" branch="True" condition-coverage="50% (1/2)">
                  <conditions>
                    <condition number="22" type="jump" coverage="50%" />
                  </conditions>
                </line>
                <line number="92" hits="0" branch="False" />
                <line number="95" hits="60" branch="False" />
              </lines>
            </method>
            <method name="GetFoodBankFromResources" signature="()" line-rate="0" branch-rate="1" complexity="1">
              <lines>
                <line number="104" hits="0" branch="False" />
                <line number="106" hits="0" branch="False" />
                <line number="108" hits="0" branch="False" />
                <line number="110" hits="0" branch="False" />
                <line number="111" hits="0" branch="False" />
                <line number="112" hits="0" branch="False" />
                <line number="113" hits="0" branch="False" />
                <line number="116" hits="0" branch="False" />
              </lines>
            </method>
          </methods>
          <lines>
            <line number="31" hits="60" branch="False" />
            <line number="33" hits="60" branch="True" condition-coverage="50% (1/2)">
              <conditions>
                <condition number="23" type="jump" coverage="50%" />
              </conditions>
            </line>
            <line number="35" hits="0" branch="False" />
            <line number="38" hits="60" branch="False" />
            <line number="40" hits="60" branch="False" />
            <line number="41" hits="60" branch="False" />
            <line number="42" hits="60" branch="False" />
            <line number="44" hits="60" branch="True" condition-coverage="100% (6/6)">
              <conditions>
                <condition number="75" type="jump" coverage="100%" />
                <condition number="86" type="jump" coverage="100%" />
                <condition number="97" type="jump" coverage="100%" />
              </conditions>
            </line>
            <line number="45" hits="60" branch="False" />
            <line number="46" hits="60" branch="False" />
            <line number="48" hits="60" branch="False" />
            <line number="49" hits="60" branch="False" />
            <line number="50" hits="60" branch="True" condition-coverage="100% (2/2)">
              <conditions>
                <condition number="139" type="jump" coverage="100%" />
              </conditions>
            </line>
            <line number="52" hits="60" branch="False" />
            <line number="54" hits="60" branch="False" />
            <line number="56" hits="60" branch="False" />
            <line number="57" hits="60" branch="False" />
            <line number="58" hits="1380" branch="False" />
            <line number="59" hits="60" branch="False" />
            <line number="64" hits="60" branch="True" condition-coverage="50% (1/2)">
              <conditions>
                <condition number="265" type="jump" coverage="50%" />
              </conditions>
            </line>
            <line number="67" hits="0" branch="False" />
            <line number="70" hits="2760" branch="True" condition-coverage="100% (2/2)">
              <conditions>
                <condition number="329" type="jump" coverage="100%" />
              </conditions>
            </line>
            <line number="72" hits="1320" branch="False" />
            <line number="73" hits="1320" branch="False" />
            <line number="74" hits="1320" branch="False" />
            <line number="75" hits="1320" branch="False" />
            <line number="77" hits="1320" branch="False" />
            <line number="80" hits="60" branch="False" />
            <line number="81" hits="60" branch="False" />
            <line number="85" hits="60" branch="True" condition-coverage="50% (1/2)">
              <conditions>
                <condition number="6" type="jump" coverage="50%" />
              </conditions>
            </line>
            <line number="87" hits="0" branch="False" />
            <line number="90" hits="60" branch="True" condition-coverage="50% (1/2)">
              <conditions>
                <condition number="22" type="jump" coverage="50%" />
              </conditions>
            </line>
            <line number="92" hits="0" branch="False" />
            <line number="95" hits="60" branch="False" />
            <line number="104" hits="0" branch="False" />
            <line number="106" hits="0" branch="False" />
            <line number="108" hits="0" branch="False" />
            <line number="110" hits="0" branch="False" />
            <line number="111" hits="0" branch="False" />
            <line number="112" hits="0" branch="False" />
            <line number="113" hits="0" branch="False" />
            <line number="116" hits="0" branch="False" />
          </lines>
        </class>
        <class name="BancoAlimentar.AlimentaEstaIdeia.Model.Initializer.InitDatabase/&lt;Seed&gt;d__0" filename="BancoAlimentar.AlimentaEstaIdeia.Model\Initializer\InitDatabase.cs" line-rate="1" branch-rate="1" complexity="1">
          <methods>
            <method name="MoveNext" signature="()" line-rate="1" branch-rate="1" complexity="1">
              <lines>
                <line number="33" hits="60" branch="False" />
                <line number="36" hits="60" branch="False" />
                <line number="38" hits="60" branch="False" />
                <line number="39" hits="60" branch="False" />
              </lines>
            </method>
          </methods>
          <lines>
            <line number="33" hits="60" branch="False" />
            <line number="36" hits="60" branch="False" />
            <line number="38" hits="60" branch="False" />
            <line number="39" hits="60" branch="False" />
          </lines>
        </class>
        <class name="BancoAlimentar.AlimentaEstaIdeia.Model.Initializer.ProductCatalogueDbInitializer" filename="BancoAlimentar.AlimentaEstaIdeia.Model\Initializer\ProductCatalogueDbInitializer.cs" line-rate="1" branch-rate="1" complexity="4">
          <methods>
            <method name="Initialize" signature="(BancoAlimentar.AlimentaEstaIdeia.Model.ApplicationDbContext)" line-rate="1" branch-rate="1" complexity="4">
              <lines>
                <line number="21" hits="60" branch="False" />
                <line number="23" hits="60" branch="True" condition-coverage="100% (2/2)">
                  <conditions>
[...]
                  </conditions>
                </line>
                <line number="69" hits="0" branch="False" />
                <line number="73" hits="40" branch="False" />
              </lines>
            </method>
            <method name="get_Domains" signature="()" line-rate="1" branch-rate="1" complexity="1">
              <lines>
                <line number="81" hits="254" branch="False" />
              </lines>
            </method>
            <method name="get_CurrentDomain" signature="()" line-rate="1" branch-rate="0.5" complexity="2">
              <lines>
                <line number="91" hits="40" branch="True" condition-coverage="50% (1/2)">
                  <conditions>
                    <condition number="7" type="jump" coverage="50%" />
                  </conditions>
                </line>
              </lines>
            </method>
            <method name="get_PublicId" signature="()" line-rate="1" branch-rate="1" complexity="1">
              <lines>
                <line number="98" hits="214" branch="False" />
              </lines>
            </method>
            <method name="get_Created" signature="()" line-rate="1" branch-rate="1" complexity="1">
              <lines>
                <line number="103" hits="214" branch="False" />
              </lines>
            </method>
            <method name="get_KeyVaultConfigurations" signature="()" line-rate="1" branch-rate="1" complexity="1">
              <lines>
                <line number="108" hits="40" branch="False" />
              </lines>
            </method>
            <method name="get_PaymentStrategy" signature="()" line-rate="1" branch-rate="1" complexity="1">
              <lines>
                <line number="114" hits="390" branch="False" />
              </lines>
            </method>
            <method name="get_InvoicingStrategy" signature="()" line-rate="1" branch-rate="1" complexity="1">
              <lines>
                <line number="120" hits="257" branch="False" />
              </lines>
            </method>
            <method name="get_IsPayPalEnabled" signature="()" line-rate="1" branch-rate="1" complexity="1">
              <lines>
                <line number="125" hits="40" branch="False" />
              </lines>
            </method>
            <method name="get_InvoiceConfiguration" signature="()" line-rate="1" branch-rate="1" complexity="1">
              <lines>
                <line number="130" hits="40" branch="False" />
              </lines>
            </method>
            <method name=".cctor" signature="()" line-rate="1" branch-rate="1" complexity="1">
              <lines>
                <line number="24" hits="1" branch="False" />
                <line number="25" hits="1" branch="False" />
                <line number="26" hits="1" branch="False" />
                <line number="27" hits="1" branch="False" />
                <line number="28" hits="1" branch="False" />
                <line number="29" hits="1" branch="False" />
              </lines>
            </method>
            <method name=".ctor" signature="()" line-rate="1" branch-rate="1" complexity="1">
              <lines>
                <line number="34" hits="175" branch="False" />
                <line number="36" hits="175" branch="False" />
                <line number="37" hits="175" branch="False" />
              </lines>
            </method>
          </methods>
          <lines>
            <line number="46" hits="0" branch="False" />
            <line number="53" hits="215" branch="False" />
            <line number="58" hits="295" branch="False" />
            <line number="67" hits="40" branch="True" condition-coverage="50% (1/2)">
              <conditions>
                <condition number="16" type="jump" coverage="50%" />
              </conditions>
            </line>
            <line number="69" hits="0" branch="False" />
            <line number="73" hits="40" branch="False" />
            <line number="81" hits="254" branch="False" />
            <line number="91" hits="40" branch="True" condition-coverage="50% (1/2)">
              <conditions>
                <condition number="7" type="jump" coverage="50%" />
              </conditions>
            </line>
            <line number="98" hits="214" branch="False" />
            <line number="103" hits="214" branch="False" />
            <line number="108" hits="40" branch="False" />
            <line number="114" hits="390" branch="False" />
            <line number="120" hits="257" branch="False" />
            <line number="125" hits="40" branch="False" />
            <line number="130" hits="40" branch="False" />
            <line number="24" hits="1" branch="False" />
            <line number="25" hits="1" branch="False" />
            <line number="26" hits="1" branch="False" />
            <line number="27" hits="1" branch="False" />
            <line number="28" hits="1" branch="False" />
            <line number="29" hits="1" branch="False" />
            <line number="34" hits="175" branch="False" />
            <line number="36" hits="175" branch="False" />
            <line number="37" hits="175" branch="False" />
          </lines>
        </class>
        <class name="BancoAlimentar.AlimentaEstaIdeia.Sas.Model.TenantConfiguration" filename="BancoAlimentar.AlimentaEstaIdeia.Sas.Model\TenantConfiguration.cs" line-rate="0" branch-rate="1" complexity="5">
          <methods>
            <method name="get_Id" signature="()" line-rate="0" branch-rate="1" complexity="1">
              <lines>
                <line number="21" hits="0" branch="False" />
              </lines>
            </method>
            <method name="get_ResourceGroupId" signature="()" line-rate="0" branch-rate="1" complexity="1">
              <lines>
                <line number="29" hits="0" branch="False" />
              </lines>
            </method>
            <method name="get_KeyVaultSecretId" signature="()" line-rate="0" branch-rate="1" complexity="1">
              <lines>
                <line number="37" hits="0" branch="False" />
              </lines>
            </method>
            <method name="get_DeploymentId" signature="()" line-rate="0" branch-rate="1" complexity="1">
              <lines>
                <line number="45" hits="0" branch="False" />
              </lines>
            </method>
            <method name="get_Tenant" signature="()" line-rate="0" branch-rate="1" complexity="1">
              <lines>
                <line number="53" hits="0" branch="False" />
              </lines>
            </method>
          </methods>
          <lines>
            <line number="21" hits="0" branch="False" />
            <line number="29" hits="0" branch="False" />
            <line number="37" hits="0" branch="False" />
            <line number="45" hits="0" branch="False" />
            <line number="53" hits="0" branch="False" />
          </lines>
        </class>
        <class name="BancoAlimentar.AlimentaEstaIdeia.Sas.Model.Initializer.TenantDbInitializer" filename="BancoAlimentar.AlimentaEstaIdeia.Sas.Model\Initializer\TenantDbInitializer.cs" line-rate="0" branch-rate="0" complexity="2">
          <methods>
            <method name="Initialize" signature="(BancoAlimentar.AlimentaEstaIdeia.Sas.Model.InfrastructureDbContext)" line-rate="0" branch-rate="0" complexity="2">
              <lines>
                <line number="24" hits="0" branch="False" />
                <line number="26" hits="0" branch="True" condition-coverage="0% (0/2)">
                  <conditions>
                    <condition number="23" type="jump" coverage="0%" />
                  </conditions>
                </line>
                <line number="28" hits="0" branch="False" />
                <line number="29" hits="0" branch="False" />
                <line number="30" hits="0" branch="False" />
                <line number="31" hits="0" branch="False" />
                <line number="32" hits="0" branch="False" />
                <line number="33" hits="0" branch="False" />
                <line number="34" hits="0" branch="False" />
                <line number="35" hits="0" branch="False" />
                <line number="36" hits="0" branch="False" />
                <line number="37" hits="0" branch="False" />
                <line number="38" hits="0" branch="False" />
                <line number="39" hits="0" branch="False" />
                <line number="40" hits="0" branch="False" />
                <line number="41" hits="0" branch="False" />
                <line number="42" hits="0" branch="False" />
                <line number="43" hits="0" branch="False" />
                <line number="44" hits="0" branch="False" />
                <line number="45" hits="0" branch="False" />
                <line number="46" hits="0" branch="False" />
                <line number="47" hits="0" branch="False" />
                <line number="48" hits="0" branch="False" />
                <line number="49" hits="0" branch="False" />
                <line number="50" hits="0" branch="False" />
                <line number="51" hits="0" branch="False" />
                <line number="54" hits="0" branch="False" />
                <line number="55" hits="0" branch="False" />
              </lines>
            </method>
          </methods>
          <lines>
            <line number="24" hits="0" branch="False" />
            <line number="26" hits="0" branch="True" condition-coverage="0% (0/2)">
              <conditions>
                <condition number="23" type="jump" coverage="0%" />
              </conditions>
            </line>
            <line number="28" hits="0" branch="False" />
            <line number="29" hits="0" branch="False" />
            <line number="30" hits="0" branch="False" />
            <line number="31" hits="0" branch="False" />
            <line number="32" hits="0" branch="False" />
            <line number="33" hits="0" branch="False" />
            <line number="34" hits="0" branch="False" />
            <line number="35" hits="0" branch="False" />
            <line number="36" hits="0" branch="False" />
            <line number="37" hits="0" branch="False" />
            <line number="38" hits="0" branch="False" />
            <line number="39" hits="0" branch="False" />
            <line number="40" hits="0" branch="False" />
            <line number="41" hits="0" branch="False" />
            <line number="42" hits="0" branch="False" />
            <line number="43" hits="0" branch="False" />
            <line number="44" hits="0" branch="False" />
            <line number="45" hits="0" branch="False" />
            <line number="46" hits="0" branch="False" />
            <line number="47" hits="0" branch="False" />
            <line number="48" hits="0" branch="False" />
            <line number="49" hits="0" branch="False" />
            <line number="50" hits="0" branch="False" />
            <line number="51" hits="0" branch="False" />
            <line number="54" hits="0" branch="False" />
            <line number="55" hits="0" branch="False" />
          </lines>
        </class>
      </classes>
    </package>
    <package name="BancoAlimentar.AlimentaEstaIdeia.Sas.Repository" line-rate="0" branch-rate="0" complexity="15">
      <classes>
        <class name="BancoAlimentar.AlimentaEstaIdeia.Sas.Repository.InfrastructureUnitOfWork" filename="BancoAlimentar.AlimentaEstaIdeia.Sas.Repository\InfrastructureUnitOfWork.cs" line-rate="0" branch-rate="0" complexity="9">
          <methods>
            <method name="get_TenantRepository" signature="()" line-rate="0" branch-rate="1" complexity="1">
              <lines>
                <line number="43" hits="0" branch="False" />
              </lines>
            </method>
            <method name="get_MemoryCache" signature="()" line-rate="0" branch-rate="1" complexity="1">
              <lines>
                <line number="48" hits="0" branch="False" />
              </lines>
            </method>
            <method name="Complete" signature="()" line-rate="0" branch-rate="1" complexity="1">
              <lines>
                <line number="53" hits="0" branch="False" />
              </lines>
            </method>
            <method name="Dispose" signature="()" line-rate="0" branch-rate="1" complexity="1">
              <lines>
                <line number="59" hits="0" branch="False" />
                <line number="60" hits="0" branch="False" />
                <line number="61" hits="0" branch="False" />
              </lines>
            </method>
            <method name="Dispose" signature="(System.Boolean)" line-rate="0" branch-rate="0" complexity="4">
              <lines>
                <line number="69" hits="0" branch="True" condition-coverage="0% (0/2)">
                  <conditions>
                    <condition number="6" type="jump" coverage="0%" />
                  </conditions>
                </line>
                <line number="71" hits="0" branch="True" condition-coverage="0% (0/2)">
                  <conditions>
                    <condition number="9" type="jump" coverage="0%" />
                  </conditions>
                </line>
                <line number="73" hits="0" branch="False" />
                <line number="78" hits="0" branch="False" />
                <line number="80" hits="0" branch="False" />
              </lines>
            </method>
            <method name=".ctor" signature="(BancoAlimentar.AlimentaEstaIdeia.Sas.Model.InfrastructureDbContext,Microsoft.ApplicationInsights.TelemetryClient,Microsoft.Extensions.Caching.Memory.IMemoryCache)" line-rate="0" branch-rate="1" complexity="1">
              <lines>
                <line number="28" hits="0" branch="False" />
                <line number="29" hits="0" branch="False" />
                <line number="30" hits="0" branch="False" />
                <line number="31" hits="0" branch="False" />
                <line number="33" hits="0" branch="False" />
                <line number="34" hits="0" branch="False" />
                <line number="35" hits="0" branch="False" />
                <line number="37" hits="0" branch="False" />
                <line number="38" hits="0" branch="False" />
              </lines>
            </method>
          </methods>
          <lines>
            <line number="43" hits="0" branch="False" />
            <line number="48" hits="0" branch="False" />
            <line number="53" hits="0" branch="False" />
            <line number="59" hits="0" branch="False" />
            <line number="60" hits="0" branch="False" />
            <line number="61" hits="0" branch="False" />
            <line number="69" hits="0" branch="True" condition-coverage="0% (0/2)">
              <conditions>
                <condition number="6" type="jump" coverage="0%" />
              </conditions>
            </line>
            <line number="71" hits="0" branch="True" condition-coverage="0% (0/2)">
              <conditions>
                <condition number="9" type="jump" coverage="0%" />
              </conditions>
            </line>
            <line number="73" hits="0" branch="False" />
            <line number="78" hits="0" branch="False" />
            <line number="80" hits="0" branch="False" />
            <line number="28" hits="0" branch="False" />
            <line number="29" hits="0" branch="False" />
            <line number="30" hits="0" branch="False" />
            <line number="31" hits="0" branch="False" />
            <line number="33" hits="0" branch="False" />
            <line number="34" hits="0" branch="False" />
            <line number="35" hits="0" branch="False" />
            <line number="37" hits="0" branch="False" />
            <line number="38" hits="0" branch="False" />
          </lines>
        </class>
        <class name="BancoAlimentar.AlimentaEstaIdeia.Sas.Repository.TenantRepository" filename="BancoAlimentar.AlimentaEstaIdeia.Sas.Repository\TenantRepository.cs" line-rate="0" branch-rate="0" complexity="6">
          <methods>
            <method name="GetAllTenantForEnvironment" signature="(System.String)" line-rate="0" branch-rate="1" complexity="1">
              <lines>
                <line number="42" hits="0" branch="False" />
                <line number="43" hits="0" branch="False" />
                <line number="44" hits="0" branch="False" />
                <line number="45" hits="0" branch="False" />
                <line number="46" hits="0" branch="False" />
                <line number="47" hits="0" branch="False" />
              </lines>
            </method>
            <method name="FindTenantByDomainIdentifier" signature="(System.String,System.String)" line-rate="0" branch-rate="0" complexity="4">
              <lines>
                <line number="58" hits="0" branch="False" />
                <line number="59" hits="0" branch="True" condition-coverage="0% (0/2)">
                  <conditions>
                    <condition number="41" type="jump" coverage="0%" />
                  </conditions>
                </line>
                <line number="61" hits="0" branch="False" />
                <line number="62" hits="0" branch="False" />
                <line number="63" hits="0" branch="False" />
                <line number="64" hits="0" branch="False" />
                <line number="65" hits="0" branch="False" />
                <line number="66" hits="0" branch="False" />
                <line number="67" hits="0" branch="True" condition-coverage="0% (0/2)">
                  <conditions>
                    <condition number="500" type="jump" coverage="0%" />
                  </conditions>
                </line>
                <line number="69" hits="0" branch="False" />
                <line number="73" hits="0" branch="False" />
              </lines>
            </method>
            <method name=".ctor" signature="(BancoAlimentar.AlimentaEstaIdeia.Sas.Model.InfrastructureDbContext,Microsoft.Extensions.Caching.Memory.IMemoryCache,Microsoft.ApplicationInsights.TelemetryClient)" line-rate="0" branch-rate="1" complexity="1">
              <lines>
                <line number="31" hits="0" branch="False" />
                <line number="33" hits="0" branch="False" />
              </lines>
            </method>
          </methods>
          <lines>
            <line number="42" hits="0" branch="False" />
            <line number="43" hits="0" branch="False" />
            <line number="44" hits="0" branch="False" />
            <line number="45" hits="0" branch="False" />
            <line number="46" hits="0" branch="False" />
            <line number="47" hits="0" branch="False" />
            <line number="58" hits="0" branch="False" />
            <line number="59" hits="0" branch="True" condition-coverage="0% (0/2)">
              <conditions>
                <condition number="41" type="jump" coverage="0%" />
              </conditions>
            </line>
            <line number="61" hits="0" branch="False" />
            <line number="62" hits="0" branch="False" />
            <line number="63" hits="0" branch="False" />
            <line number="64" hits="0" branch="False" />
            <line number="65" hits="0" branch="False" />
            <line number="66" hits="0" branch="False" />
            <line number="67" hits="0" branch="True" condition-coverage="0% (0/2)">
              <conditions>
                <condition number="500" type="jump" coverage="0%" />
              </conditions>
            </line>
            <line number="69" hits="0" branch="False" />
            <line number="73" hits="0" branch="False" />
            <line number="31" hits="0" branch="False" />
            <line number="33" hits="0" branch="False" />
          </lines>
        </class>
      </classes>
    </package>
  </packages>
</coverage>